<?xml version="1.0" encoding="UTF-8"?>
<!-- Generated by org.testng.reporters.JUnitReportReporter -->
<testsuite skipped="0" hostname="BLRL39138" name="TestNGClass" tests="5" failures="0" timestamp="2019-01-18T11:24:00 IST" time="0.007" errors="0">
  <testcase name="dd5" time="0.000" classname="TestNGClass"/>
  <testcase name="dd2" time="0.000" classname="TestNGClass"/>
  <testcase name="dd4" time="0.001" classname="TestNGClass"/>
  <testcase name="dd1" time="0.006" classname="TestNGClass"/>
  <testcase name="dd3" time="0.000" classname="TestNGClass"/>
</testsuite> <!-- TestNGClass -->
